# JRE version: Java(TM) SE Runtime Environment (8.0_77-b03) (build 1.8.0_77-b03)
# Java VM: Java HotSpot(TM) 64-Bit Server VM (25.77-b03 mixed mode windows-amd64 compressed oops)
Heap:
 PSYoungGen      total 309760K, used 160792K [0x00000000eab00000, 0x00000000ffc00000, 0x0000000100000000)
  eden space 280576K, 51% used [0x00000000eab00000,0x00000000f38fd850,0x00000000fbd00000)
  from space 29184K, 52% used [0x00000000fdf80000,0x00000000fee889a8,0x00000000ffc00000)
  to   space 32256K, 0% used [0x00000000fbd00000,0x00000000fbd00000,0x00000000fdc80000)
 ParOldGen       total 155648K, used 36870K [0x00000000c0000000, 0x00000000c9800000, 0x00000000eab00000)
  object space 155648K, 23% used [0x00000000c0000000,0x00000000c2401b90,0x00000000c9800000)
 Metaspace       used 80205K, capacity 84566K, committed 90368K, reserved 1128448K
  class space    used 9570K, capacity 9943K, committed 11264K, reserved 1048576K
GC Heap History (10 events):
Event: 5290.133 GC heap before
{Heap before GC invocations=100 (full 27):
 PSYoungGen      total 320512K, used 293888K [0x00000000eab00000, 0x0000000100000000, 0x0000000100000000)
  eden space 293888K, 100% used [0x00000000eab00000,0x00000000fca00000,0x00000000fca00000)
  from space 26624K, 0% used [0x00000000fe600000,0x00000000fe600000,0x0000000100000000)
  to   space 27648K, 0% used [0x00000000fca00000,0x00000000fca00000,0x00000000fe500000)
 ParOldGen       total 155648K, used 64213K [0x00000000c0000000, 0x00000000c9800000, 0x00000000eab00000)
  object space 155648K, 41% used [0x00000000c0000000,0x00000000c3eb5758,0x00000000c9800000)
 Metaspace       used 83001K, capacity 89686K, committed 90368K, reserved 1128448K
  class space    used 10192K, capacity 11088K, committed 11264K, reserved 1048576K
Event: 5290.933 GC heap after
Heap after GC invocations=100 (full 27):
 PSYoungGen      total 321536K, used 27637K [0x00000000eab00000, 0x0000000100000000, 0x0000000100000000)
  eden space 293888K, 0% used [0x00000000eab00000,0x00000000eab00000,0x00000000fca00000)
  from space 27648K, 99% used [0x00000000fca00000,0x00000000fe4fd7a0,0x00000000fe500000)
  to   space 27648K, 0% used [0x00000000fe500000,0x00000000fe500000,0x0000000100000000)
 ParOldGen       total 155648K, used 74987K [0x00000000c0000000, 0x00000000c9800000, 0x00000000eab00000)
  object space 155648K, 48% used [0x00000000c0000000,0x00000000c493ad58,0x00000000c9800000)
 Metaspace       used 83001K, capacity 89686K, committed 90368K, reserved 1128448K
  class space    used 10192K, capacity 11088K, committed 11264K, reserved 1048576K
}
Event: 5291.923 GC heap before
{Heap before GC invocations=101 (full 27):
 PSYoungGen      total 321536K, used 321525K [0x00000000eab00000, 0x0000000100000000, 0x0000000100000000)
  eden space 293888K, 100% used [0x00000000eab00000,0x00000000fca00000,0x00000000fca00000)
  from space 27648K, 99% used [0x00000000fca00000,0x00000000fe4fd7a0,0x00000000fe500000)
  to   space 27648K, 0% used [0x00000000fe500000,0x00000000fe500000,0x0000000100000000)
 ParOldGen       total 155648K, used 74987K [0x00000000c0000000, 0x00000000c9800000, 0x00000000eab00000)
  object space 155648K, 48% used [0x00000000c0000000,0x00000000c493ad58,0x00000000c9800000)
 Metaspace       used 83007K, capacity 89686K, committed 90368K, reserved 1128448K
  class space    used 10192K, capacity 11088K, committed 11264K, reserved 1048576K
Event: 5291.947 GC heap after
Heap after GC invocations=101 (full 27):
 PSYoungGen      total 306176K, used 16162K [0x00000000eab00000, 0x0000000100000000, 0x0000000100000000)
  eden space 278528K, 0% used [0x00000000eab00000,0x00000000eab00000,0x00000000fbb00000)
  from space 27648K, 58% used [0x00000000fe500000,0x00000000ff4c8948,0x0000000100000000)
  to   space 35328K, 0% used [0x00000000fbb00000,0x00000000fbb00000,0x00000000fdd80000)
 ParOldGen       total 155648K, used 74987K [0x00000000c0000000, 0x00000000c9800000, 0x00000000eab00000)
  object space 155648K, 48% used [0x00000000c0000000,0x00000000c493ad58,0x00000000c9800000)
 Metaspace       used 83007K, capacity 89686K, committed 90368K, reserved 1128448K
  class space    used 10192K, capacity 11088K, committed 11264K, reserved 1048576K
}
Event: 11199.440 GC heap before
{Heap before GC invocations=102 (full 27):
 PSYoungGen      total 306176K, used 197269K [0x00000000eab00000, 0x0000000100000000, 0x0000000100000000)
  eden space 278528K, 65% used [0x00000000eab00000,0x00000000f5bdce20,0x00000000fbb00000)
  from space 27648K, 58% used [0x00000000fe500000,0x00000000ff4c8948,0x0000000100000000)
  to   space 35328K, 0% used [0x00000000fbb00000,0x00000000fbb00000,0x00000000fdd80000)
 ParOldGen       total 155648K, used 74987K [0x00000000c0000000, 0x00000000c9800000, 0x00000000eab00000)
  object space 155648K, 48% used [0x00000000c0000000,0x00000000c493ad58,0x00000000c9800000)
 Metaspace       used 83091K, capacity 89862K, committed 90368K, reserved 1128448K
  class space    used 10208K, capacity 11104K, committed 11264K, reserved 1048576K
Event: 11199.483 GC heap after
Heap after GC invocations=102 (full 27):
 PSYoungGen      total 313856K, used 13509K [0x00000000eab00000, 0x0000000100000000, 0x0000000100000000)
  eden space 278528K, 0% used [0x00000000eab00000,0x00000000eab00000,0x00000000fbb00000)
  from space 35328K, 38% used [0x00000000fbb00000,0x00000000fc831770,0x00000000fdd80000)
  to   space 33280K, 0% used [0x00000000fdf80000,0x00000000fdf80000,0x0000000100000000)
 ParOldGen       total 155648K, used 74995K [0x00000000c0000000, 0x00000000c9800000, 0x00000000eab00000)
  object space 155648K, 48% used [0x00000000c0000000,0x00000000c493cd58,0x00000000c9800000)
 Metaspace       used 83091K, capacity 89862K, committed 90368K, reserved 1128448K
  class space    used 10208K, capacity 11104K, committed 11264K, reserved 1048576K
}
Event: 11199.483 GC heap before
{Heap before GC invocations=103 (full 28):
 PSYoungGen      total 313856K, used 13509K [0x00000000eab00000, 0x0000000100000000, 0x0000000100000000)
  eden space 278528K, 0% used [0x00000000eab00000,0x00000000eab00000,0x00000000fbb00000)
  from space 35328K, 38% used [0x00000000fbb00000,0x00000000fc831770,0x00000000fdd80000)
  to   space 33280K, 0% used [0x00000000fdf80000,0x00000000fdf80000,0x0000000100000000)
 ParOldGen       total 155648K, used 74995K [0x00000000c0000000, 0x00000000c9800000, 0x00000000eab00000)
  object space 155648K, 48% used [0x00000000c0000000,0x00000000c493cd58,0x00000000c9800000)
 Metaspace       used 83091K, capacity 89862K, committed 90368K, reserved 1128448K
  class space    used 10208K, capacity 11104K, committed 11264K, reserved 1048576K
Event: 11200.361 GC heap after
Heap after GC invocations=103 (full 28):
 PSYoungGen      total 313856K, used 0K [0x00000000eab00000, 0x0000000100000000, 0x0000000100000000)
  eden space 278528K, 0% used [0x00000000eab00000,0x00000000eab00000,0x00000000fbb00000)
  from space 35328K, 0% used [0x00000000fbb00000,0x00000000fbb00000,0x00000000fdd80000)
  to   space 33280K, 0% used [0x00000000fdf80000,0x00000000fdf80000,0x0000000100000000)
 ParOldGen       total 155648K, used 36870K [0x00000000c0000000, 0x00000000c9800000, 0x00000000eab00000)
  object space 155648K, 23% used [0x00000000c0000000,0x00000000c2401b90,0x00000000c9800000)
 Metaspace       used 79651K, capacity 83450K, committed 90368K, reserved 1128448K
  class space    used 9442K, capacity 9699K, committed 11264K, reserved 1048576K
}
Event: 11623.553 GC heap before
{Heap before GC invocations=104 (full 28):
 PSYoungGen      total 313856K, used 278528K [0x00000000eab00000, 0x0000000100000000, 0x0000000100000000)
  eden space 278528K, 100% used [0x00000000eab00000,0x00000000fbb00000,0x00000000fbb00000)
  from space 35328K, 0% used [0x00000000fbb00000,0x00000000fbb00000,0x00000000fdd80000)
  to   space 33280K, 0% used [0x00000000fdf80000,0x00000000fdf80000,0x0000000100000000)
 ParOldGen       total 155648K, used 36870K [0x00000000c0000000, 0x00000000c9800000, 0x00000000eab00000)
  object space 155648K, 23% used [0x00000000c0000000,0x00000000c2401b90,0x00000000c9800000)
 Metaspace       used 80098K, capacity 84318K, committed 90368K, reserved 1128448K
  class space    used 9552K, capacity 9863K, committed 11264K, reserved 1048576K
Event: 11623.648 GC heap after
Heap after GC invocations=104 (full 28):
 PSYoungGen      total 309760K, used 15394K [0x00000000eab00000, 0x00000000ffc00000, 0x0000000100000000)
  eden space 280576K, 0% used [0x00000000eab00000,0x00000000eab00000,0x00000000fbd00000)
  from space 29184K, 52% used [0x00000000fdf80000,0x00000000fee889a8,0x00000000ffc00000)
  to   space 32256K, 0% used [0x00000000fbd00000,0x00000000fbd00000,0x00000000fdc80000)
 ParOldGen       total 155648K, used 36870K [0x00000000c0000000, 0x00000000c9800000, 0x00000000eab00000)
  object space 155648K, 23% used [0x00000000c0000000,0x00000000c2401b90,0x00000000c9800000)
 Metaspace       used 80098K, capacity 84318K, committed 90368K, reserved 1128448K
  class space    used 9552K, capacity 9863K, committed 11264K, reserved 1048576K
}

